#
# There is insufficient memory for the Java Runtime Environment to continue.
# Native memory allocation (malloc) failed to allocate 2252640 bytes. Error detail: Chunk::new
# Possible reasons:
#   The system is out of physical RAM or swap space
#   This process is running with CompressedOops enabled, and the Java Heap may be blocking the growth of the native heap
# Possible solutions:
#   Reduce memory load on the system
#   Increase physical memory or swap space
#   Check if swap backing store is full
#   Decrease Java heap size (-Xmx/-Xms)
#   Decrease number of Java threads
#   Decrease Java thread stack sizes (-Xss)
#   Set larger code cache with -XX:ReservedCodeCacheSize=
#   JVM is running with Unscaled Compressed Oops mode in which the Java heap is
#     placed in the first 4GB address space. The Java Heap base address is the
#     maximum limit for the native heap growth. Please use -XX:HeapBaseMinAddress
#     to set the Java Heap base and to place the Java Heap above 4GB virtual address.
# This output file may be truncated or incomplete.
#
#  Out of Memory Error (arena.cpp:191), pid=13520, tid=4460
#
# JRE version: OpenJDK Runtime Environment Temurin-17.0.13+11 (17.0.13+11) (build 17.0.13+11)
# Java VM: OpenJDK 64-Bit Server VM Temurin-17.0.13+11 (17.0.13+11, mixed mode, tiered, compressed oops, compressed class ptrs, parallel gc, windows-amd64)
# No core dump will be written. Minidumps are not enabled by default on client versions of Windows
#

---------------  S U M M A R Y ------------

Command Line: --add-modules=ALL-SYSTEM --add-opens=java.base/java.util=ALL-UNNAMED --add-opens=java.base/java.lang=ALL-UNNAMED --add-opens=java.base/sun.nio.fs=ALL-UNNAMED -Declipse.application=org.eclipse.jdt.ls.core.id1 -Dosgi.bundles.defaultStartLevel=4 -Declipse.product=org.eclipse.jdt.ls.core.product -Djava.import.generatesMetadataFilesAtProjectRoot=false -DDetectVMInstallationsJob.disabled=true -Dfile.encoding=utf8 -XX:+UseParallelGC -XX:GCTimeRatio=4 -XX:AdaptiveSizePolicyWeight=90 -Dsun.zip.disableMemoryMapping=true -Xmx1G -Xms100m -Xlog:disable -javaagent:c:\Users\WELCOME\.vscode\extensions\redhat.java-1.38.0-win32-x64\lombok\lombok-1.18.34.jar -XX:+HeapDumpOnOutOfMemoryError -XX:HeapDumpPath=c:\Users\WELCOME\AppData\Roaming\Code\User\workspaceStorage\188e561b44eaaaa2d29fd93b78f0b880\redhat.java -Daether.dependencyCollector.impl=bf c:\Users\WELCOME\.vscode\extensions\redhat.java-1.38.0-win32-x64\server\plugins\org.eclipse.equinox.launcher_1.6.900.v20240613-2009.jar -configuration c:\Users\WELCOME\AppData\Roaming\Code\User\globalStorage\redhat.java\1.38.0\config_win -data c:\Users\WELCOME\AppData\Roaming\Code\User\workspaceStorage\188e561b44eaaaa2d29fd93b78f0b880\redhat.java\jdt_ws --pipe=\\.\pipe\lsp-fa8905ffc44597f9b76b70491e827bfb-sock

Host: Intel(R) Core(TM) i3-7020U CPU @ 2.30GHz, 4 cores, 2G,  Windows 10 , 64 bit Build 19041 (10.0.19041.5198)
Time: Sun Jan 19 13:08:54 2025 India Standard Time elapsed time: 74.317496 seconds (0d 0h 1m 14s)

---------------  T H R E A D  ---------------

Current thread (0x000001a6af000870):  JavaThread "C2 CompilerThread0" daemon [_thread_in_native, id=4460, stack(0x0000000e67300000,0x0000000e67400000)]


Current CompileTask:
C2:  74317 10745   !   4       org.eclipse.jdt.internal.compiler.classfmt.ClassFileReader::<init> (2119 bytes)

Stack: [0x0000000e67300000,0x0000000e67400000]
Native frames: (J=compiled Java code, j=interpreted, Vv=VM code, C=native code)
V  [jvm.dll+0x682a19]
V  [jvm.dll+0x839538]
V  [jvm.dll+0x83afe3]
V  [jvm.dll+0x83b653]
V  [jvm.dll+0x24704f]
V  [jvm.dll+0xace34]
V  [jvm.dll+0xad4cc]
V  [jvm.dll+0x36597e]
V  [jvm.dll+0x1ba989]
V  [jvm.dll+0x2181a7]
V  [jvm.dll+0x21748f]
V  [jvm.dll+0x1a3070]
V  [jvm.dll+0x22788c]
V  [jvm.dll+0x2259eb]
V  [jvm.dll+0x7eec98]
V  [jvm.dll+0x7e8ffc]
V  [jvm.dll+0x6818f7]
C  [ucrtbase.dll+0x21bb2]
C  [KERNEL32.DLL+0x17374]
C  [ntdll.dll+0x4cc91]


---------------  P R O C E S S  ---------------

Threads class SMR info:
_java_thread_list=0x000001a6b0104140, length=36, elements={
0x000001a695f90ac0, 0x000001a69604e890, 0x000001a6a9dd11e0, 0x000001a6a9dfa270,
0x000001a6a9dfb0f0, 0x000001a6a9e023a0, 0x000001a6a9e06120, 0x000001a6af000870,
0x000001a6af001230, 0x000001a6a9e0c140, 0x000001a695ff1750, 0x000001a6af44d070,
0x000001a6af9965d0, 0x000001a6afaf1030, 0x000001a6afafe270, 0x000001a6af93d9a0,
0x000001a6b0055a20, 0x000001a6afd38fe0, 0x000001a6afd3b350, 0x000001a6afd3a420,
0x000001a6afd3ae40, 0x000001a6afd3b860, 0x000001a6afd394f0, 0x000001a6afd3bd70,
0x000001a6afd3c280, 0x000001a6afd3c790, 0x000001a6b28c6b80, 0x000001a6b28c6670,
0x000001a6b28c84d0, 0x000001a6b28c7090, 0x000001a6b28c33d0, 0x000001a6b28c2ec0,
0x000001a6b28c6160, 0x000001a6b28c38e0, 0x000001a6b28c1060, 0x000001a6b28c89e0
}

Java Threads: ( => current thread )
  0x000001a695f90ac0 JavaThread "main" [_thread_blocked, id=7540, stack(0x0000000e66a00000,0x0000000e66b00000)]
  0x000001a69604e890 JavaThread "Reference Handler" daemon [_thread_blocked, id=12548, stack(0x0000000e66d00000,0x0000000e66e00000)]
  0x000001a6a9dd11e0 JavaThread "Finalizer" daemon [_thread_blocked, id=2340, stack(0x0000000e66e00000,0x0000000e66f00000)]
  0x000001a6a9dfa270 JavaThread "Signal Dispatcher" daemon [_thread_blocked, id=11308, stack(0x0000000e66f00000,0x0000000e67000000)]
  0x000001a6a9dfb0f0 JavaThread "Attach Listener" daemon [_thread_blocked, id=14268, stack(0x0000000e67000000,0x0000000e67100000)]
  0x000001a6a9e023a0 JavaThread "Service Thread" daemon [_thread_blocked, id=6432, stack(0x0000000e67100000,0x0000000e67200000)]
  0x000001a6a9e06120 JavaThread "Monitor Deflation Thread" daemon [_thread_blocked, id=9928, stack(0x0000000e67200000,0x0000000e67300000)]
=>0x000001a6af000870 JavaThread "C2 CompilerThread0" daemon [_thread_in_native, id=4460, stack(0x0000000e67300000,0x0000000e67400000)]
  0x000001a6af001230 JavaThread "C1 CompilerThread0" daemon [_thread_blocked, id=11968, stack(0x0000000e67400000,0x0000000e67500000)]
  0x000001a6a9e0c140 JavaThread "Sweeper thread" daemon [_thread_blocked, id=2428, stack(0x0000000e67500000,0x0000000e67600000)]
  0x000001a695ff1750 JavaThread "Common-Cleaner" daemon [_thread_blocked, id=2616, stack(0x0000000e67600000,0x0000000e67700000)]
  0x000001a6af44d070 JavaThread "Notification Thread" daemon [_thread_blocked, id=11560, stack(0x0000000e67700000,0x0000000e67800000)]
  0x000001a6af9965d0 JavaThread "Active Thread: Equinox Container: c753d3d5-3b21-4d4c-a432-6130d2f31cb3" [_thread_blocked, id=11252, stack(0x0000000e67c00000,0x0000000e67d00000)]
  0x000001a6afaf1030 JavaThread "Refresh Thread: Equinox Container: c753d3d5-3b21-4d4c-a432-6130d2f31cb3" daemon [_thread_blocked, id=4344, stack(0x0000000e67d00000,0x0000000e67e00000)]
  0x000001a6afafe270 JavaThread "Framework Event Dispatcher: Equinox Container: c753d3d5-3b21-4d4c-a432-6130d2f31cb3" daemon [_thread_blocked, id=13068, stack(0x0000000e67e00000,0x0000000e67f00000)]
  0x000001a6af93d9a0 JavaThread "Start Level: Equinox Container: c753d3d5-3b21-4d4c-a432-6130d2f31cb3" daemon [_thread_blocked, id=4056, stack(0x0000000e67f00000,0x0000000e68000000)]
  0x000001a6b0055a20 JavaThread "Bundle File Closer" daemon [_thread_blocked, id=2892, stack(0x0000000e68000000,0x0000000e68100000)]
  0x000001a6afd38fe0 JavaThread "SCR Component Actor" daemon [_thread_blocked, id=14164, stack(0x0000000e68100000,0x0000000e68200000)]
  0x000001a6afd3b350 JavaThread "Worker-JM" [_thread_blocked, id=6084, stack(0x0000000e68300000,0x0000000e68400000)]
  0x000001a6afd3a420 JavaThread "Worker-0: Initialize Workspace" [_thread_blocked, id=3340, stack(0x0000000e68400000,0x0000000e68500000)]
  0x000001a6afd3ae40 JavaThread "Worker-1" [_thread_blocked, id=10264, stack(0x0000000e68500000,0x0000000e68600000)]
  0x000001a6afd3b860 JavaThread "Worker-2" [_thread_blocked, id=13536, stack(0x0000000e68600000,0x0000000e68700000)]
  0x000001a6afd394f0 JavaThread "Worker-3: Building" [_thread_in_native, id=2152, stack(0x0000000e68700000,0x0000000e68800000)]
  0x000001a6afd3bd70 JavaThread "Java indexing" daemon [_thread_in_Java, id=1496, stack(0x0000000e68800000,0x0000000e68900000)]
  0x000001a6afd3c280 JavaThread "JNA Cleaner" daemon [_thread_blocked, id=5132, stack(0x0000000e68900000,0x0000000e68a00000)]
  0x000001a6afd3c790 JavaThread "Worker-4: Java indexing... " [_thread_blocked, id=4300, stack(0x0000000e68a00000,0x0000000e68b00000)]
  0x000001a6b28c6b80 JavaThread "Thread-2" daemon [_thread_in_native, id=13940, stack(0x0000000e68b00000,0x0000000e68c00000)]
  0x000001a6b28c6670 JavaThread "Thread-3" daemon [_thread_in_native, id=9428, stack(0x0000000e68c00000,0x0000000e68d00000)]
  0x000001a6b28c84d0 JavaThread "Thread-4" daemon [_thread_in_native, id=13648, stack(0x0000000e68d00000,0x0000000e68e00000)]
  0x000001a6b28c7090 JavaThread "Thread-5" daemon [_thread_in_native, id=5904, stack(0x0000000e68e00000,0x0000000e68f00000)]
  0x000001a6b28c33d0 JavaThread "Thread-6" daemon [_thread_in_native, id=6412, stack(0x0000000e68f00000,0x0000000e69000000)]
  0x000001a6b28c2ec0 JavaThread "pool-2-thread-1" [_thread_blocked, id=5184, stack(0x0000000e69000000,0x0000000e69100000)]
  0x000001a6b28c6160 JavaThread "WorkspaceEventsHandler" [_thread_blocked, id=8040, stack(0x0000000e69100000,0x0000000e69200000)]
  0x000001a6b28c38e0 JavaThread "pool-1-thread-1" [_thread_blocked, id=4496, stack(0x0000000e69200000,0x0000000e69300000)]
  0x000001a6b28c1060 JavaThread "Compiler Source File Reader" daemon [_thread_blocked, id=9408, stack(0x0000000e69500000,0x0000000e69600000)]
  0x000001a6b28c89e0 JavaThread "Compiler Source File Reader" daemon [_thread_blocked, id=12304, stack(0x0000000e69600000,0x0000000e69700000)]

Other Threads:
  0x000001a6a9dbc9a0 VMThread "VM Thread" [stack: 0x0000000e66c00000,0x0000000e66d00000] [id=396]
  0x000001a6af44d550 WatcherThread [stack: 0x0000000e67800000,0x0000000e67900000] [id=5016]
  0x000001a695fa6660 GCTaskThread "GC Thread#0" [stack: 0x0000000e66b00000,0x0000000e66c00000] [id=3576]
  0x000001a6af7bf5d0 GCTaskThread "GC Thread#1" [stack: 0x0000000e67900000,0x0000000e67a00000] [id=10696]
  0x000001a6af7bfca0 GCTaskThread "GC Thread#2" [stack: 0x0000000e67a00000,0x0000000e67b00000] [id=6552]
  0x000001a6af7bff60 GCTaskThread "GC Thread#3" [stack: 0x0000000e67b00000,0x0000000e67c00000] [id=12104]

Threads with active compile tasks:
C2 CompilerThread0    74403 10745   !   4       org.eclipse.jdt.internal.compiler.classfmt.ClassFileReader::<init> (2119 bytes)

VM state: not at safepoint (normal execution)

VM Mutex/Monitor currently owned by a thread: None

Heap address: 0x00000000c0000000, size: 1024 MB, Compressed Oops mode: 32-bit

CDS archive(s) not mapped
Compressed class space mapped at: 0x0000000100000000-0x0000000140000000, reserved size: 1073741824
Narrow klass base: 0x0000000000000000, Narrow klass shift: 3, Narrow klass range: 0x140000000

GC Precious Log:
 CPUs: 4 total, 4 available
 Memory: 2599M
 Large Page Support: Disabled
 NUMA Support: Disabled
 Compressed Oops: Enabled (32-bit)
 Alignments: Space 512K, Generation 512K, Heap 2M
 Heap Min Capacity: 100M
 Heap Initial Capacity: 100M
 Heap Max Capacity: 1G
 Pre-touch: Disabled
 Parallel Workers: 4

Heap:
 PSYoungGen      total 23552K, used 18542K [0x00000000eab00000, 0x00000000ec680000, 0x0000000100000000)
  eden space 20992K, 76% used [0x00000000eab00000,0x00000000eba9e368,0x00000000ebf80000)
  from space 2560K, 99% used [0x00000000ec400000,0x00000000ec67d7a0,0x00000000ec680000)
  to   space 3072K, 0% used [0x00000000ec080000,0x00000000ec080000,0x00000000ec380000)
 ParOldGen       total 68608K, used 57580K [0x00000000c0000000, 0x00000000c4300000, 0x00000000eab00000)
  object space 68608K, 83% used [0x00000000c0000000,0x00000000c383b178,0x00000000c4300000)
 Metaspace       used 68435K, committed 69568K, reserved 1114112K
  class space    used 7326K, committed 7808K, reserved 1048576K

Card table byte_map: [0x000001a695960000,0x000001a695b70000] _byte_map_base: 0x000001a695360000

Marking Bits: (ParMarkBitMap*) 0x00007fff6c3e6940
 Begin Bits: [0x000001a6a7c30000, 0x000001a6a8c30000)
 End Bits:   [0x000001a6a8c30000, 0x000001a6a9c30000)

Polling page: 0x000001a695750000

Metaspace:

Usage:
  Non-class:     59.68 MB used.
      Class:      7.15 MB used.
       Both:     66.83 MB used.

Virtual space:
  Non-class space:       64.00 MB reserved,      60.31 MB ( 94%) committed,  1 nodes.
      Class space:        1.00 GB reserved,       7.62 MB ( <1%) committed,  1 nodes.
             Both:        1.06 GB reserved,      67.94 MB (  6%) committed. 

Chunk freelists:
   Non-Class:  2.77 MB
       Class:  8.38 MB
        Both:  11.14 MB

MaxMetaspaceSize: unlimited
CompressedClassSpaceSize: 1.00 GB
Initial GC threshold: 21.00 MB
Current GC threshold: 97.31 MB
CDS: off
MetaspaceReclaimPolicy: balanced
 - commit_granule_bytes: 65536.
 - commit_granule_words: 8192.
 - virtual_space_node_default_size: 8388608.
 - enlarge_chunks_in_place: 1.
 - new_chunks_are_fully_committed: 0.
 - uncommit_free_chunks: 1.
 - use_allocation_guard: 0.
 - handle_deallocations: 1.


Internal statistics:

num_allocs_failed_limit: 9.
num_arena_births: 842.
num_arena_deaths: 20.
num_vsnodes_births: 2.
num_vsnodes_deaths: 0.
num_space_committed: 1087.
num_space_uncommitted: 0.
num_chunks_returned_to_freelist: 31.
num_chunks_taken_from_freelist: 3493.
num_chunk_merges: 14.
num_chunk_splits: 2169.
num_chunks_enlarged: 1282.
num_inconsistent_stats: 0.

CodeHeap 'non-profiled nmethods': size=120000Kb used=4471Kb max_used=4862Kb free=115528Kb
 bounds [0x000001a6a0700000, 0x000001a6a0be0000, 0x000001a6a7c30000]
CodeHeap 'profiled nmethods': size=120000Kb used=18232Kb max_used=20602Kb free=101767Kb
 bounds [0x000001a698c30000, 0x000001a69a060000, 0x000001a6a0160000]
CodeHeap 'non-nmethods': size=5760Kb used=1375Kb max_used=1458Kb free=4384Kb
 bounds [0x000001a6a0160000, 0x000001a6a03d0000, 0x000001a6a0700000]
 total_blobs=9656 nmethods=8936 adapters=634
 compilation: enabled
              stopped_count=0, restarted_count=0
 full_count=0

Compilation events (20 events):
Event: 73.837 Thread 0x000001a6af001230 nmethod 10786 0x000001a6a084af90 code [0x000001a6a084b120, 0x000001a6a084b1f8]
Event: 73.837 Thread 0x000001a6af001230 10781       1       org.eclipse.core.runtime.QualifiedName::getLocalName (5 bytes)
Event: 73.837 Thread 0x000001a6af001230 nmethod 10781 0x000001a6a0b3c390 code [0x000001a6a0b3c520, 0x000001a6a0b3c5f8]
Event: 73.838 Thread 0x000001a6af001230 10787       1       org.eclipse.core.runtime.preferences.InstanceScope::getLocation (2 bytes)
Event: 73.839 Thread 0x000001a6af001230 nmethod 10787 0x000001a6a070a010 code [0x000001a6a070a1a0, 0x000001a6a070a278]
Event: 73.863 Thread 0x000001a6af001230 10788       1       sun.nio.fs.WindowsFileAttributes::fileKey (2 bytes)
Event: 73.863 Thread 0x000001a6af001230 nmethod 10788 0x000001a6a0719010 code [0x000001a6a07191a0, 0x000001a6a0719278]
Event: 73.953 Thread 0x000001a6af001230 10789   !   2       java.security.AccessController::doPrivileged (22 bytes)
Event: 73.964 Thread 0x000001a6af001230 nmethod 10789 0x000001a698d58210 code [0x000001a698d583c0, 0x000001a698d585e8]
Event: 73.980 Thread 0x000001a6af001230 10790   !   2       jdk.internal.loader.URLClassPath::check (125 bytes)
Event: 73.986 Thread 0x000001a6af001230 nmethod 10790 0x000001a698d23710 code [0x000001a698d23940, 0x000001a698d23da8]
Event: 74.021 Thread 0x000001a6af001230 10791       2       jdk.internal.loader.BuiltinClassLoader::findResource (48 bytes)
Event: 74.022 Thread 0x000001a6af001230 nmethod 10791 0x000001a698fe3510 code [0x000001a698fe36e0, 0x000001a698fe3918]
Event: 74.024 Thread 0x000001a6af001230 10792   !   2       org.eclipse.osgi.internal.loader.BundleLoader::findDynamicSource (173 bytes)
Event: 74.030 Thread 0x000001a6af001230 nmethod 10792 0x000001a698cf2210 code [0x000001a698cf24e0, 0x000001a698cf2c58]
Event: 74.034 Thread 0x000001a6af001230 10793       2       java.util.zip.ZipFile::getEntryName (42 bytes)
Event: 74.034 Thread 0x000001a6af001230 nmethod 10793 0x000001a699032e90 code [0x000001a699033040, 0x000001a699033238]
Event: 74.176 Thread 0x000001a6af001230 10794       2       java.util.Arrays::copyOf (19 bytes)
Event: 74.181 Thread 0x000001a6af001230 nmethod 10794 0x000001a698c33710 code [0x000001a698c338c0, 0x000001a698c33ae8]
Event: 74.300 Thread 0x000001a6af001230 10795       2       java.net.URLConnection::<init> (62 bytes)

GC Heap History (20 events):
Event: 65.004 GC heap before
{Heap before GC invocations=32 (full 3):
 PSYoungGen      total 22528K, used 22368K [0x00000000eab00000, 0x00000000ec480000, 0x0000000100000000)
  eden space 21504K, 100% used [0x00000000eab00000,0x00000000ec000000,0x00000000ec000000)
  from space 1024K, 84% used [0x00000000ec380000,0x00000000ec458000,0x00000000ec480000)
  to   space 1536K, 0% used [0x00000000ec180000,0x00000000ec180000,0x00000000ec300000)
 ParOldGen       total 68608K, used 34582K [0x00000000c0000000, 0x00000000c4300000, 0x00000000eab00000)
  object space 68608K, 50% used [0x00000000c0000000,0x00000000c21c5860,0x00000000c4300000)
 Metaspace       used 63539K, committed 64704K, reserved 1114112K
  class space    used 6791K, committed 7296K, reserved 1048576K
}
Event: 65.051 GC heap after
{Heap after GC invocations=32 (full 3):
 PSYoungGen      total 23040K, used 1520K [0x00000000eab00000, 0x00000000ec700000, 0x0000000100000000)
  eden space 21504K, 0% used [0x00000000eab00000,0x00000000eab00000,0x00000000ec000000)
  from space 1536K, 98% used [0x00000000ec180000,0x00000000ec2fc050,0x00000000ec300000)
  to   space 3584K, 0% used [0x00000000ec380000,0x00000000ec380000,0x00000000ec700000)
 ParOldGen       total 68608K, used 36201K [0x00000000c0000000, 0x00000000c4300000, 0x00000000eab00000)
  object space 68608K, 52% used [0x00000000c0000000,0x00000000c235a498,0x00000000c4300000)
 Metaspace       used 63539K, committed 64704K, reserved 1114112K
  class space    used 6791K, committed 7296K, reserved 1048576K
}
Event: 65.352 GC heap before
{Heap before GC invocations=33 (full 3):
 PSYoungGen      total 23040K, used 23024K [0x00000000eab00000, 0x00000000ec700000, 0x0000000100000000)
  eden space 21504K, 100% used [0x00000000eab00000,0x00000000ec000000,0x00000000ec000000)
  from space 1536K, 98% used [0x00000000ec180000,0x00000000ec2fc050,0x00000000ec300000)
  to   space 3584K, 0% used [0x00000000ec380000,0x00000000ec380000,0x00000000ec700000)
 ParOldGen       total 68608K, used 36201K [0x00000000c0000000, 0x00000000c4300000, 0x00000000eab00000)
  object space 68608K, 52% used [0x00000000c0000000,0x00000000c235a498,0x00000000c4300000)
 Metaspace       used 64193K, committed 65408K, reserved 1114112K
  class space    used 6876K, committed 7424K, reserved 1048576K
}
Event: 65.361 GC heap after
{Heap after GC invocations=33 (full 3):
 PSYoungGen      total 24064K, used 2065K [0x00000000eab00000, 0x00000000ec600000, 0x0000000100000000)
  eden space 21504K, 0% used [0x00000000eab00000,0x00000000eab00000,0x00000000ec000000)
  from space 2560K, 80% used [0x00000000ec380000,0x00000000ec584420,0x00000000ec600000)
  to   space 2560K, 0% used [0x00000000ec100000,0x00000000ec100000,0x00000000ec380000)
 ParOldGen       total 68608K, used 37697K [0x00000000c0000000, 0x00000000c4300000, 0x00000000eab00000)
  object space 68608K, 54% used [0x00000000c0000000,0x00000000c24d04f8,0x00000000c4300000)
 Metaspace       used 64193K, committed 65408K, reserved 1114112K
  class space    used 6876K, committed 7424K, reserved 1048576K
}
Event: 65.618 GC heap before
{Heap before GC invocations=34 (full 3):
 PSYoungGen      total 24064K, used 23569K [0x00000000eab00000, 0x00000000ec600000, 0x0000000100000000)
  eden space 21504K, 100% used [0x00000000eab00000,0x00000000ec000000,0x00000000ec000000)
  from space 2560K, 80% used [0x00000000ec380000,0x00000000ec584420,0x00000000ec600000)
  to   space 2560K, 0% used [0x00000000ec100000,0x00000000ec100000,0x00000000ec380000)
 ParOldGen       total 68608K, used 37697K [0x00000000c0000000, 0x00000000c4300000, 0x00000000eab00000)
  object space 68608K, 54% used [0x00000000c0000000,0x00000000c24d04f8,0x00000000c4300000)
 Metaspace       used 64533K, committed 65728K, reserved 1114112K
  class space    used 6907K, committed 7424K, reserved 1048576K
}
Event: 65.627 GC heap after
{Heap after GC invocations=34 (full 3):
 PSYoungGen      total 24064K, used 2082K [0x00000000eab00000, 0x00000000ec500000, 0x0000000100000000)
  eden space 21504K, 0% used [0x00000000eab00000,0x00000000eab00000,0x00000000ec000000)
  from space 2560K, 81% used [0x00000000ec100000,0x00000000ec308800,0x00000000ec380000)
  to   space 1536K, 0% used [0x00000000ec380000,0x00000000ec380000,0x00000000ec500000)
 ParOldGen       total 68608K, used 39633K [0x00000000c0000000, 0x00000000c4300000, 0x00000000eab00000)
  object space 68608K, 57% used [0x00000000c0000000,0x00000000c26b4518,0x00000000c4300000)
 Metaspace       used 64533K, committed 65728K, reserved 1114112K
  class space    used 6907K, committed 7424K, reserved 1048576K
}
Event: 66.066 GC heap before
{Heap before GC invocations=35 (full 3):
 PSYoungGen      total 24064K, used 23586K [0x00000000eab00000, 0x00000000ec500000, 0x0000000100000000)
  eden space 21504K, 100% used [0x00000000eab00000,0x00000000ec000000,0x00000000ec000000)
  from space 2560K, 81% used [0x00000000ec100000,0x00000000ec308800,0x00000000ec380000)
  to   space 1536K, 0% used [0x00000000ec380000,0x00000000ec380000,0x00000000ec500000)
 ParOldGen       total 68608K, used 39633K [0x00000000c0000000, 0x00000000c4300000, 0x00000000eab00000)
  object space 68608K, 57% used [0x00000000c0000000,0x00000000c26b4518,0x00000000c4300000)
 Metaspace       used 64768K, committed 65920K, reserved 1114112K
  class space    used 6928K, committed 7424K, reserved 1048576K
}
Event: 66.072 GC heap after
{Heap after GC invocations=35 (full 3):
 PSYoungGen      total 22528K, used 1504K [0x00000000eab00000, 0x00000000ec800000, 0x0000000100000000)
  eden space 20992K, 0% used [0x00000000eab00000,0x00000000eab00000,0x00000000ebf80000)
  from space 1536K, 97% used [0x00000000ec380000,0x00000000ec4f8010,0x00000000ec500000)
  to   space 4096K, 0% used [0x00000000ebf80000,0x00000000ebf80000,0x00000000ec380000)
 ParOldGen       total 68608K, used 41723K [0x00000000c0000000, 0x00000000c4300000, 0x00000000eab00000)
  object space 68608K, 60% used [0x00000000c0000000,0x00000000c28befb8,0x00000000c4300000)
 Metaspace       used 64768K, committed 65920K, reserved 1114112K
  class space    used 6928K, committed 7424K, reserved 1048576K
}
Event: 66.587 GC heap before
{Heap before GC invocations=36 (full 3):
 PSYoungGen      total 22528K, used 22496K [0x00000000eab00000, 0x00000000ec800000, 0x0000000100000000)
  eden space 20992K, 100% used [0x00000000eab00000,0x00000000ebf80000,0x00000000ebf80000)
  from space 1536K, 97% used [0x00000000ec380000,0x00000000ec4f8010,0x00000000ec500000)
  to   space 4096K, 0% used [0x00000000ebf80000,0x00000000ebf80000,0x00000000ec380000)
 ParOldGen       total 68608K, used 41723K [0x00000000c0000000, 0x00000000c4300000, 0x00000000eab00000)
  object space 68608K, 60% used [0x00000000c0000000,0x00000000c28befb8,0x00000000c4300000)
 Metaspace       used 65086K, committed 66304K, reserved 1114112K
  class space    used 6943K, committed 7488K, reserved 1048576K
}
Event: 66.613 GC heap after
{Heap after GC invocations=36 (full 3):
 PSYoungGen      total 24064K, used 2973K [0x00000000eab00000, 0x00000000ec680000, 0x0000000100000000)
  eden space 20992K, 0% used [0x00000000eab00000,0x00000000eab00000,0x00000000ebf80000)
  from space 3072K, 96% used [0x00000000ebf80000,0x00000000ec2675f8,0x00000000ec280000)
  to   space 3584K, 0% used [0x00000000ec300000,0x00000000ec300000,0x00000000ec680000)
 ParOldGen       total 68608K, used 43150K [0x00000000c0000000, 0x00000000c4300000, 0x00000000eab00000)
  object space 68608K, 62% used [0x00000000c0000000,0x00000000c2a23b80,0x00000000c4300000)
 Metaspace       used 65086K, committed 66304K, reserved 1114112K
  class space    used 6943K, committed 7488K, reserved 1048576K
}
Event: 66.826 GC heap before
{Heap before GC invocations=37 (full 3):
 PSYoungGen      total 24064K, used 23945K [0x00000000eab00000, 0x00000000ec680000, 0x0000000100000000)
  eden space 20992K, 99% used [0x00000000eab00000,0x00000000ebf7b150,0x00000000ebf80000)
  from space 3072K, 96% used [0x00000000ebf80000,0x00000000ec2675f8,0x00000000ec280000)
  to   space 3584K, 0% used [0x00000000ec300000,0x00000000ec300000,0x00000000ec680000)
 ParOldGen       total 68608K, used 43150K [0x00000000c0000000, 0x00000000c4300000, 0x00000000eab00000)
  object space 68608K, 62% used [0x00000000c0000000,0x00000000c2a23b80,0x00000000c4300000)
 Metaspace       used 65221K, committed 66432K, reserved 1114112K
  class space    used 6954K, committed 7488K, reserved 1048576K
}
Event: 66.838 GC heap after
{Heap after GC invocations=37 (full 3):
 PSYoungGen      total 24064K, used 2739K [0x00000000eab00000, 0x00000000ec600000, 0x0000000100000000)
  eden space 20992K, 0% used [0x00000000eab00000,0x00000000eab00000,0x00000000ebf80000)
  from space 3072K, 89% used [0x00000000ec300000,0x00000000ec5acde0,0x00000000ec600000)
  to   space 3072K, 0% used [0x00000000ebf80000,0x00000000ebf80000,0x00000000ec280000)
 ParOldGen       total 68608K, used 45987K [0x00000000c0000000, 0x00000000c4300000, 0x00000000eab00000)
  object space 68608K, 67% used [0x00000000c0000000,0x00000000c2ce8f88,0x00000000c4300000)
 Metaspace       used 65221K, committed 66432K, reserved 1114112K
  class space    used 6954K, committed 7488K, reserved 1048576K
}
Event: 67.280 GC heap before
{Heap before GC invocations=38 (full 3):
 PSYoungGen      total 24064K, used 23731K [0x00000000eab00000, 0x00000000ec600000, 0x0000000100000000)
  eden space 20992K, 100% used [0x00000000eab00000,0x00000000ebf80000,0x00000000ebf80000)
  from space 3072K, 89% used [0x00000000ec300000,0x00000000ec5acde0,0x00000000ec600000)
  to   space 3072K, 0% used [0x00000000ebf80000,0x00000000ebf80000,0x00000000ec280000)
 ParOldGen       total 68608K, used 45987K [0x00000000c0000000, 0x00000000c4300000, 0x00000000eab00000)
  object space 68608K, 67% used [0x00000000c0000000,0x00000000c2ce8f88,0x00000000c4300000)
 Metaspace       used 65429K, committed 66624K, reserved 1114112K
  class space    used 6975K, committed 7488K, reserved 1048576K
}
Event: 67.370 GC heap after
{Heap after GC invocations=38 (full 3):
 PSYoungGen      total 24064K, used 3049K [0x00000000eab00000, 0x00000000ecc80000, 0x0000000100000000)
  eden space 20992K, 0% used [0x00000000eab00000,0x00000000eab00000,0x00000000ebf80000)
  from space 3072K, 99% used [0x00000000ebf80000,0x00000000ec27a458,0x00000000ec280000)
  to   space 6656K, 0% used [0x00000000ec600000,0x00000000ec600000,0x00000000ecc80000)
 ParOldGen       total 68608K, used 48598K [0x00000000c0000000, 0x00000000c4300000, 0x00000000eab00000)
  object space 68608K, 70% used [0x00000000c0000000,0x00000000c2f75800,0x00000000c4300000)
 Metaspace       used 65429K, committed 66624K, reserved 1114112K
  class space    used 6975K, committed 7488K, reserved 1048576K
}
Event: 68.710 GC heap before
{Heap before GC invocations=39 (full 3):
 PSYoungGen      total 24064K, used 24041K [0x00000000eab00000, 0x00000000ecc80000, 0x0000000100000000)
  eden space 20992K, 99% used [0x00000000eab00000,0x00000000ebf7ffe8,0x00000000ebf80000)
  from space 3072K, 99% used [0x00000000ebf80000,0x00000000ec27a458,0x00000000ec280000)
  to   space 6656K, 0% used [0x00000000ec600000,0x00000000ec600000,0x00000000ecc80000)
 ParOldGen       total 68608K, used 48598K [0x00000000c0000000, 0x00000000c4300000, 0x00000000eab00000)
  object space 68608K, 70% used [0x00000000c0000000,0x00000000c2f75800,0x00000000c4300000)
 Metaspace       used 65797K, committed 67008K, reserved 1114112K
  class space    used 7020K, committed 7552K, reserved 1048576K
}
Event: 68.735 GC heap after
{Heap after GC invocations=39 (full 3):
 PSYoungGen      total 25088K, used 3637K [0x00000000eab00000, 0x00000000eca00000, 0x0000000100000000)
  eden space 20992K, 0% used [0x00000000eab00000,0x00000000eab00000,0x00000000ebf80000)
  from space 4096K, 88% used [0x00000000ec600000,0x00000000ec98d460,0x00000000eca00000)
  to   space 4608K, 0% used [0x00000000ec100000,0x00000000ec100000,0x00000000ec580000)
 ParOldGen       total 68608K, used 51518K [0x00000000c0000000, 0x00000000c4300000, 0x00000000eab00000)
  object space 68608K, 75% used [0x00000000c0000000,0x00000000c324fa08,0x00000000c4300000)
 Metaspace       used 65797K, committed 67008K, reserved 1114112K
  class space    used 7020K, committed 7552K, reserved 1048576K
}
Event: 70.263 GC heap before
{Heap before GC invocations=40 (full 3):
 PSYoungGen      total 25088K, used 24628K [0x00000000eab00000, 0x00000000eca00000, 0x0000000100000000)
  eden space 20992K, 99% used [0x00000000eab00000,0x00000000ebf7ff20,0x00000000ebf80000)
  from space 4096K, 88% used [0x00000000ec600000,0x00000000ec98d460,0x00000000eca00000)
  to   space 4608K, 0% used [0x00000000ec100000,0x00000000ec100000,0x00000000ec580000)
 ParOldGen       total 68608K, used 51518K [0x00000000c0000000, 0x00000000c4300000, 0x00000000eab00000)
  object space 68608K, 75% used [0x00000000c0000000,0x00000000c324fa08,0x00000000c4300000)
 Metaspace       used 66216K, committed 67392K, reserved 1114112K
  class space    used 7067K, committed 7616K, reserved 1048576K
}
Event: 70.293 GC heap after
{Heap after GC invocations=40 (full 3):
 PSYoungGen      total 24064K, used 2716K [0x00000000eab00000, 0x00000000ec680000, 0x0000000100000000)
  eden space 20992K, 0% used [0x00000000eab00000,0x00000000eab00000,0x00000000ebf80000)
  from space 3072K, 88% used [0x00000000ec100000,0x00000000ec3a71a8,0x00000000ec400000)
  to   space 2560K, 0% used [0x00000000ec400000,0x00000000ec400000,0x00000000ec680000)
 ParOldGen       total 68608K, used 54999K [0x00000000c0000000, 0x00000000c4300000, 0x00000000eab00000)
  object space 68608K, 80% used [0x00000000c0000000,0x00000000c35b5e60,0x00000000c4300000)
 Metaspace       used 66216K, committed 67392K, reserved 1114112K
  class space    used 7067K, committed 7616K, reserved 1048576K
}
Event: 73.145 GC heap before
{Heap before GC invocations=41 (full 3):
 PSYoungGen      total 24064K, used 23708K [0x00000000eab00000, 0x00000000ec680000, 0x0000000100000000)
  eden space 20992K, 100% used [0x00000000eab00000,0x00000000ebf80000,0x00000000ebf80000)
  from space 3072K, 88% used [0x00000000ec100000,0x00000000ec3a71a8,0x00000000ec400000)
  to   space 2560K, 0% used [0x00000000ec400000,0x00000000ec400000,0x00000000ec680000)
 ParOldGen       total 68608K, used 54999K [0x00000000c0000000, 0x00000000c4300000, 0x00000000eab00000)
  object space 68608K, 80% used [0x00000000c0000000,0x00000000c35b5e60,0x00000000c4300000)
 Metaspace       used 67897K, committed 69056K, reserved 1114112K
  class space    used 7240K, committed 7744K, reserved 1048576K
}
Event: 73.294 GC heap after
{Heap after GC invocations=41 (full 3):
 PSYoungGen      total 23552K, used 2549K [0x00000000eab00000, 0x00000000ec680000, 0x0000000100000000)
  eden space 20992K, 0% used [0x00000000eab00000,0x00000000eab00000,0x00000000ebf80000)
  from space 2560K, 99% used [0x00000000ec400000,0x00000000ec67d7a0,0x00000000ec680000)
  to   space 3072K, 0% used [0x00000000ec080000,0x00000000ec080000,0x00000000ec380000)
 ParOldGen       total 68608K, used 57580K [0x00000000c0000000, 0x00000000c4300000, 0x00000000eab00000)
  object space 68608K, 83% used [0x00000000c0000000,0x00000000c383b178,0x00000000c4300000)
 Metaspace       used 67897K, committed 69056K, reserved 1114112K
  class space    used 7240K, committed 7744K, reserved 1048576K
}

Dll operation events (12 events):
Event: 0.037 Loaded shared library c:\Users\WELCOME\.vscode\extensions\redhat.java-1.38.0-win32-x64\jre\17.0.13-win32-x86_64\bin\java.dll
Event: 0.374 Loaded shared library c:\Users\WELCOME\.vscode\extensions\redhat.java-1.38.0-win32-x64\jre\17.0.13-win32-x86_64\bin\zip.dll
Event: 0.386 Loaded shared library C:\Users\WELCOME\.vscode\extensions\redhat.java-1.38.0-win32-x64\jre\17.0.13-win32-x86_64\bin\instrument.dll
Event: 0.425 Loaded shared library C:\Users\WELCOME\.vscode\extensions\redhat.java-1.38.0-win32-x64\jre\17.0.13-win32-x86_64\bin\net.dll
Event: 0.428 Loaded shared library C:\Users\WELCOME\.vscode\extensions\redhat.java-1.38.0-win32-x64\jre\17.0.13-win32-x86_64\bin\nio.dll
Event: 0.456 Loaded shared library C:\Users\WELCOME\.vscode\extensions\redhat.java-1.38.0-win32-x64\jre\17.0.13-win32-x86_64\bin\zip.dll
Event: 0.501 Loaded shared library C:\Users\WELCOME\.vscode\extensions\redhat.java-1.38.0-win32-x64\jre\17.0.13-win32-x86_64\bin\jimage.dll
Event: 0.724 Loaded shared library c:\Users\WELCOME\.vscode\extensions\redhat.java-1.38.0-win32-x64\jre\17.0.13-win32-x86_64\bin\verify.dll
Event: 4.717 Loaded shared library C:\Users\WELCOME\AppData\Roaming\Code\User\globalStorage\redhat.java\1.38.0\config_win\org.eclipse.equinox.launcher\org.eclipse.equinox.launcher.win32.win32.x86_64_1.2.1100.v20240722-2106\eclipse_11904.dll
Event: 12.823 Loaded shared library C:\Users\WELCOME\AppData\Local\Temp\jna-1951082306\jna8347890443760978531.dll
Event: 52.324 Loaded shared library C:\Users\WELCOME\.vscode\extensions\redhat.java-1.38.0-win32-x64\jre\17.0.13-win32-x86_64\bin\sunmscapi.dll
Event: 52.676 Loaded shared library C:\Users\WELCOME\.vscode\extensions\redhat.java-1.38.0-win32-x64\jre\17.0.13-win32-x86_64\bin\extnet.dll

Deoptimization events (20 events):
Event: 72.096 Thread 0x000001a6afd394f0 DEOPT PACKING pc=0x000001a699bef1ef sp=0x0000000e687f88c0
Event: 72.096 Thread 0x000001a6afd394f0 DEOPT UNPACKING pc=0x000001a6a01b6e43 sp=0x0000000e687f7d88 mode 0
Event: 72.441 Thread 0x000001a6afd394f0 DEOPT PACKING pc=0x000001a69a03e9fe sp=0x0000000e687fdb20
Event: 72.441 Thread 0x000001a6afd394f0 DEOPT UNPACKING pc=0x000001a6a01b6e43 sp=0x0000000e687fd010 mode 0
Event: 72.442 Thread 0x000001a6afd394f0 DEOPT PACKING pc=0x000001a69a03e9fe sp=0x0000000e687fdb20
Event: 72.442 Thread 0x000001a6afd394f0 DEOPT UNPACKING pc=0x000001a6a01b6e43 sp=0x0000000e687fd010 mode 0
Event: 72.883 Thread 0x000001a6afd3bd70 DEOPT PACKING pc=0x000001a699cc0b9f sp=0x0000000e688fe630
Event: 72.883 Thread 0x000001a6afd3bd70 DEOPT UNPACKING pc=0x000001a6a01b6e43 sp=0x0000000e688fdb38 mode 0
Event: 73.104 Thread 0x000001a6afd3bd70 DEOPT PACKING pc=0x000001a699f17695 sp=0x0000000e688fe4e0
Event: 73.104 Thread 0x000001a6afd3bd70 DEOPT UNPACKING pc=0x000001a6a01b6e43 sp=0x0000000e688fda68 mode 0
Event: 73.323 Thread 0x000001a6afd394f0 DEOPT PACKING pc=0x000001a699bef1ef sp=0x0000000e687fbfd0
Event: 73.323 Thread 0x000001a6afd394f0 DEOPT UNPACKING pc=0x000001a6a01b6e43 sp=0x0000000e687fb498 mode 0
Event: 73.405 Thread 0x000001a6afd3bd70 DEOPT PACKING pc=0x000001a699f17695 sp=0x0000000e688fe4e0
Event: 73.406 Thread 0x000001a6afd3bd70 DEOPT UNPACKING pc=0x000001a6a01b6e43 sp=0x0000000e688fda68 mode 0
Event: 73.523 Thread 0x000001a6afd3bd70 DEOPT PACKING pc=0x000001a699f17695 sp=0x0000000e688fe4e0
Event: 73.523 Thread 0x000001a6afd3bd70 DEOPT UNPACKING pc=0x000001a6a01b6e43 sp=0x0000000e688fda68 mode 0
Event: 73.775 Thread 0x000001a6afd394f0 Uncommon trap: trap_request=0xffffff45 fr.pc=0x000001a6a0b4bc44 relative=0x00000000000001a4
Event: 73.776 Thread 0x000001a6afd394f0 Uncommon trap: reason=unstable_if action=reinterpret pc=0x000001a6a0b4bc44 method=org.eclipse.jdt.core.compiler.CharOperation.subarray([CII)[C @ 2 c2
Event: 73.777 Thread 0x000001a6afd394f0 DEOPT PACKING pc=0x000001a6a0b4bc44 sp=0x0000000e687fe010
Event: 73.779 Thread 0x000001a6afd394f0 DEOPT UNPACKING pc=0x000001a6a01b66a3 sp=0x0000000e687fdfd0 mode 2

Classes loaded (20 events):
Event: 68.664 Loading class java/util/function/LongFunction
Event: 68.665 Loading class java/util/function/LongFunction done
Event: 68.665 Loading class java/util/stream/Nodes$ConcNode
Event: 68.665 Loading class java/util/stream/Nodes$AbstractConcNode
Event: 68.667 Loading class java/util/stream/Nodes$AbstractConcNode done
Event: 68.667 Loading class java/util/stream/Nodes$ConcNode done
Event: 68.773 Loading class java/io/FileFilter
Event: 68.775 Loading class java/io/FileFilter done
Event: 68.826 Loading class java/util/CollSer
Event: 68.829 Loading class java/util/CollSer done
Event: 68.934 Loading class java/util/regex/PatternSyntaxException
Event: 68.935 Loading class java/util/regex/PatternSyntaxException done
Event: 73.767 Loading class sun/nio/cs/ThreadLocalCoders
Event: 73.770 Loading class sun/nio/cs/ThreadLocalCoders done
Event: 73.770 Loading class sun/nio/cs/ThreadLocalCoders$1
Event: 73.771 Loading class sun/nio/cs/ThreadLocalCoders$Cache
Event: 73.771 Loading class sun/nio/cs/ThreadLocalCoders$Cache done
Event: 73.771 Loading class sun/nio/cs/ThreadLocalCoders$1 done
Event: 73.772 Loading class sun/nio/cs/ThreadLocalCoders$2
Event: 73.772 Loading class sun/nio/cs/ThreadLocalCoders$2 done

Classes unloaded (10 events):
Event: 10.869 Thread 0x000001a6a9dbc9a0 Unloading class 0x0000000100351000 'java/lang/invoke/LambdaForm$MH+0x0000000100351000'
Event: 10.869 Thread 0x000001a6a9dbc9a0 Unloading class 0x0000000100350000 'java/lang/invoke/LambdaForm$DMH+0x0000000100350000'
Event: 10.869 Thread 0x000001a6a9dbc9a0 Unloading class 0x000000010034a000 'java/lang/invoke/LambdaForm$DMH+0x000000010034a000'
Event: 10.869 Thread 0x000001a6a9dbc9a0 Unloading class 0x0000000100258000 'java/lang/invoke/LambdaForm$MH+0x0000000100258000'
Event: 10.869 Thread 0x000001a6a9dbc9a0 Unloading class 0x0000000100257c00 'java/lang/invoke/LambdaForm$MH+0x0000000100257c00'
Event: 10.869 Thread 0x000001a6a9dbc9a0 Unloading class 0x0000000100257800 'java/lang/invoke/LambdaForm$MH+0x0000000100257800'
Event: 10.869 Thread 0x000001a6a9dbc9a0 Unloading class 0x0000000100257400 'java/lang/invoke/LambdaForm$MH+0x0000000100257400'
Event: 10.869 Thread 0x000001a6a9dbc9a0 Unloading class 0x0000000100257000 'java/lang/invoke/LambdaForm$BMH+0x0000000100257000'
Event: 10.869 Thread 0x000001a6a9dbc9a0 Unloading class 0x0000000100256c00 'java/lang/invoke/LambdaForm$DMH+0x0000000100256c00'
Event: 10.869 Thread 0x000001a6a9dbc9a0 Unloading class 0x0000000100254400 'java/lang/invoke/LambdaForm$DMH+0x0000000100254400'

Classes redefined (0 events):
No events

Internal exceptions (20 events):
Event: 66.808 Thread 0x000001a6afd3a420 Exception <a 'java/io/FileNotFoundException'{0x00000000ebd19820}> (0x00000000ebd19820) 
thrown [s\src\hotspot\share\prims\jni.cpp, line 516]
Event: 67.076 Thread 0x000001a6afd3a420 Exception <a 'sun/nio/fs/WindowsException'{0x00000000eba428b0}> (0x00000000eba428b0) 
thrown [s\src\hotspot\share\prims\jni.cpp, line 516]
Event: 67.086 Thread 0x000001a6afd3a420 Implicit null exception at 0x000001a6a0aec9e0 to 0x000001a6a0aecd8c
Event: 67.239 Thread 0x000001a6afd3a420 Exception <a 'java/lang/NoSuchMethodError'{0x00000000ebedb150}: static Lorg/apache/maven/model/InputLocation;.<clinit>()V> (0x00000000ebedb150) 
thrown [s\src\hotspot\share\prims\jni.cpp, line 1112]
Event: 67.268 Thread 0x000001a6afd3a420 Exception <a 'java/lang/NoSuchMethodError'{0x00000000ebeecc98}: static Lorg/apache/maven/model/InputSource;.<clinit>()V> (0x00000000ebeecc98) 
thrown [s\src\hotspot\share\prims\jni.cpp, line 1112]
Event: 67.374 Thread 0x000001a6afd3a420 Exception <a 'java/lang/NoSuchMethodError'{0x00000000eab050e8}: static Lorg/eclipse/m2e/core/internal/lifecyclemapping/model/PluginExecutionMetadata;.<clinit>()V> (0x00000000eab050e8) 
thrown [s\src\hotspot\share\prims\jni.cpp, line 1112]
Event: 67.384 Thread 0x000001a6afd3a420 Exception <a 'java/lang/NoSuchMethodError'{0x00000000eab16460}: static Lorg/eclipse/m2e/core/internal/lifecyclemapping/model/PluginExecutionFilter;.<clinit>()V> (0x00000000eab16460) 
thrown [s\src\hotspot\share\prims\jni.cpp, line 1112]
Event: 68.215 Thread 0x000001a6afd394f0 Exception <a 'sun/nio/fs/WindowsException'{0x00000000eb3e6e00}> (0x00000000eb3e6e00) 
thrown [s\src\hotspot\share\prims\jni.cpp, line 516]
Event: 68.215 Thread 0x000001a6afd394f0 Exception <a 'sun/nio/fs/WindowsException'{0x00000000eb3e7930}> (0x00000000eb3e7930) 
thrown [s\src\hotspot\share\prims\jni.cpp, line 516]
Event: 68.224 Thread 0x000001a6afd394f0 Exception <a 'sun/nio/fs/WindowsException'{0x00000000eb40ace0}> (0x00000000eb40ace0) 
thrown [s\src\hotspot\share\prims\jni.cpp, line 516]
Event: 68.224 Thread 0x000001a6afd394f0 Exception <a 'sun/nio/fs/WindowsException'{0x00000000eb40b810}> (0x00000000eb40b810) 
thrown [s\src\hotspot\share\prims\jni.cpp, line 516]
Event: 68.419 Thread 0x000001a6afd3a420 Exception <a 'sun/nio/fs/WindowsException'{0x00000000eb8240d8}> (0x00000000eb8240d8) 
thrown [s\src\hotspot\share\prims\jni.cpp, line 516]
Event: 68.841 Thread 0x000001a6afd3b860 Exception <a 'java/lang/NoSuchMethodError'{0x00000000ead82b08}: static Lorg/eclipse/m2e/core/internal/project/registry/MavenProjectFacade$MavenProjectConfiguration;.<clinit>()V> (0x00000000ead82b08) 
thrown [s\src\hotspot\share\prims\jni.cpp, line 1112]
Event: 68.849 Thread 0x000001a6afd3b860 Exception <a 'java/lang/NoSuchMethodError'{0x00000000eade2ef8}: static [J.<clinit>()V> (0x00000000eade2ef8) 
thrown [s\src\hotspot\share\prims\jni.cpp, line 1112]
Event: 69.285 Thread 0x000001a6afd394f0 Exception <a 'sun/nio/fs/WindowsException'{0x00000000eb6e5098}> (0x00000000eb6e5098) 
thrown [s\src\hotspot\share\prims\jni.cpp, line 516]
Event: 69.286 Thread 0x000001a6afd394f0 Exception <a 'sun/nio/fs/WindowsException'{0x00000000eb6e5920}> (0x00000000eb6e5920) 
thrown [s\src\hotspot\share\prims\jni.cpp, line 516]
Event: 69.394 Thread 0x000001a6afd394f0 Exception <a 'sun/nio/fs/WindowsException'{0x00000000eb775748}> (0x00000000eb775748) 
thrown [s\src\hotspot\share\prims\jni.cpp, line 516]
Event: 69.394 Thread 0x000001a6afd394f0 Exception <a 'sun/nio/fs/WindowsException'{0x00000000eb776278}> (0x00000000eb776278) 
thrown [s\src\hotspot\share\prims\jni.cpp, line 516]
Event: 69.714 Thread 0x000001a6afd394f0 Exception <a 'java/lang/NoSuchMethodError'{0x00000000ebb63608}: 'int java.lang.invoke.DirectMethodHandle$Holder.invokeStatic(java.lang.Object)'> (0x00000000ebb63608) 
thrown [s\src\hotspot\share\interpreter\linkResolver.cpp, line 759]
Event: 70.320 Thread 0x000001a6afd394f0 Exception <a 'java/lang/NoSuchMethodError'{0x00000000eab6b538}: 'java.lang.Object java.lang.invoke.DirectMethodHandle$Holder.invokeVirtual(java.lang.Object, java.lang.Object, java.lang.Object)'> (0x00000000eab6b538) 
thrown [s\src\hotspot\share\interpreter\linkResolver.cpp, line 759]

VM Operations (20 events):
Event: 69.822 Executing VM operation: HandshakeAllThreads
Event: 69.862 Executing VM operation: HandshakeAllThreads done
Event: 69.862 Executing VM operation: Cleanup
Event: 69.862 Executing VM operation: Cleanup done
Event: 70.262 Executing VM operation: ParallelGCFailedAllocation
Event: 70.293 Executing VM operation: ParallelGCFailedAllocation done
Event: 70.415 Executing VM operation: HandshakeAllThreads
Event: 70.444 Executing VM operation: HandshakeAllThreads done
Event: 71.445 Executing VM operation: Cleanup
Event: 71.461 Executing VM operation: Cleanup done
Event: 72.463 Executing VM operation: Cleanup
Event: 72.479 Executing VM operation: Cleanup done
Event: 72.920 Executing VM operation: HandshakeAllThreads
Event: 72.921 Executing VM operation: HandshakeAllThreads done
Event: 72.921 Executing VM operation: HandshakeAllThreads
Event: 72.933 Executing VM operation: HandshakeAllThreads done
Event: 73.070 Executing VM operation: HandshakeAllThreads
Event: 73.090 Executing VM operation: HandshakeAllThreads done
Event: 73.120 Executing VM operation: ParallelGCFailedAllocation
Event: 73.294 Executing VM operation: ParallelGCFailedAllocation done

Memory protections (0 events):
No events

Nmethod flushes (20 events):
Event: 73.321 Thread 0x000001a6a9e0c140 flushing  nmethod 0x000001a699f02610
Event: 73.321 Thread 0x000001a6a9e0c140 flushing  nmethod 0x000001a699f05510
Event: 73.321 Thread 0x000001a6a9e0c140 flushing  nmethod 0x000001a699f06b10
Event: 73.321 Thread 0x000001a6a9e0c140 flushing  nmethod 0x000001a699f3bc10
Event: 73.321 Thread 0x000001a6a9e0c140 flushing  nmethod 0x000001a699f3bf90
Event: 73.321 Thread 0x000001a6a9e0c140 flushing  nmethod 0x000001a699f3d590
Event: 73.321 Thread 0x000001a6a9e0c140 flushing  nmethod 0x000001a699f71910
Event: 73.321 Thread 0x000001a6a9e0c140 flushing  nmethod 0x000001a699f7aa90
Event: 73.322 Thread 0x000001a6a9e0c140 flushing  nmethod 0x000001a699f8c410
Event: 73.322 Thread 0x000001a6a9e0c140 flushing  nmethod 0x000001a699f8de90
Event: 73.322 Thread 0x000001a6a9e0c140 flushing  nmethod 0x000001a699f92c90
Event: 73.322 Thread 0x000001a6a9e0c140 flushing  nmethod 0x000001a699f93410
Event: 73.322 Thread 0x000001a6a9e0c140 flushing  nmethod 0x000001a699f93b10
Event: 73.322 Thread 0x000001a6a9e0c140 flushing  nmethod 0x000001a699f94910
Event: 73.322 Thread 0x000001a6a9e0c140 flushing  nmethod 0x000001a699f95710
Event: 73.322 Thread 0x000001a6a9e0c140 flushing  nmethod 0x000001a699f98610
Event: 73.322 Thread 0x000001a6a9e0c140 flushing  nmethod 0x000001a699f99490
Event: 73.322 Thread 0x000001a6a9e0c140 flushing  nmethod 0x000001a699f9ab10
Event: 73.322 Thread 0x000001a6a9e0c140 flushing  nmethod 0x000001a699fb9190
Event: 73.322 Thread 0x000001a6a9e0c140 flushing  nmethod 0x000001a699fc3910

Events (20 events):
Event: 60.880 Thread 0x000001a6b28c4300 Thread exited: 0x000001a6b28c4300
Event: 60.880 Thread 0x000001a6b28c89e0 Thread exited: 0x000001a6b28c89e0
Event: 60.880 Thread 0x000001a6b28c1f90 Thread exited: 0x000001a6b28c1f90
Event: 60.880 Thread 0x000001a6b28c75a0 Thread exited: 0x000001a6b28c75a0
Event: 60.880 Thread 0x000001a6b28c3df0 Thread exited: 0x000001a6b28c3df0
Event: 62.421 Thread 0x000001a6afd3a420 Thread added: 0x000001a6b28c5740
Event: 62.422 Thread 0x000001a6afd3a420 Thread added: 0x000001a6b28c4300
Event: 62.422 Thread 0x000001a6afd3a420 Thread added: 0x000001a6b28c4810
Event: 62.422 Thread 0x000001a6afd3a420 Thread added: 0x000001a6b28c1570
Event: 62.422 Thread 0x000001a6afd3a420 Thread added: 0x000001a6b28c89e0
Event: 62.485 Thread 0x000001a6b28c5740 Thread exited: 0x000001a6b28c5740
Event: 62.486 Thread 0x000001a6b28c1570 Thread exited: 0x000001a6b28c1570
Event: 62.488 Thread 0x000001a6b28c4810 Thread exited: 0x000001a6b28c4810
Event: 62.488 Thread 0x000001a6b28c4300 Thread exited: 0x000001a6b28c4300
Event: 62.489 Thread 0x000001a6b28c89e0 Thread exited: 0x000001a6b28c89e0
Event: 66.054 Thread 0x000001a6b28c1060 Thread exited: 0x000001a6b28c1060
Event: 68.623 Thread 0x000001a6afd3b860 Thread added: 0x000001a6b28c7ab0
Event: 68.670 Thread 0x000001a6b28c7ab0 Thread exited: 0x000001a6b28c7ab0
Event: 73.527 Thread 0x000001a6afd394f0 Thread added: 0x000001a6b28c1060
Event: 73.531 Thread 0x000001a6afd394f0 Thread added: 0x000001a6b28c89e0


Dynamic libraries:
0x00007ff631bf0000 - 0x00007ff631bfe000 	c:\Users\WELCOME\.vscode\extensions\redhat.java-1.38.0-win32-x64\jre\17.0.13-win32-x86_64\bin\java.exe
0x00007fffd3510000 - 0x00007fffd3708000 	C:\Windows\SYSTEM32\ntdll.dll
0x00007fffd16c0000 - 0x00007fffd1782000 	C:\Windows\System32\KERNEL32.DLL
0x00007fffd0ca0000 - 0x00007fffd0f9f000 	C:\Windows\System32\KERNELBASE.dll
0x00007fffd0ba0000 - 0x00007fffd0ca0000 	C:\Windows\System32\ucrtbase.dll
0x00007fff9b690000 - 0x00007fff9b6a7000 	c:\Users\WELCOME\.vscode\extensions\redhat.java-1.38.0-win32-x64\jre\17.0.13-win32-x86_64\bin\jli.dll
0x00007fffd1520000 - 0x00007fffd16bd000 	C:\Windows\System32\USER32.dll
0x00007fffd13e0000 - 0x00007fffd1402000 	C:\Windows\System32\win32u.dll
0x00007fffd2220000 - 0x00007fffd224b000 	C:\Windows\System32\GDI32.dll
0x00007fffd1190000 - 0x00007fffd12a7000 	C:\Windows\System32\gdi32full.dll
0x00007fffd1410000 - 0x00007fffd14ad000 	C:\Windows\System32\msvcp_win.dll
0x00007fff91fc0000 - 0x00007fff91fde000 	c:\Users\WELCOME\.vscode\extensions\redhat.java-1.38.0-win32-x64\jre\17.0.13-win32-x86_64\bin\VCRUNTIME140.dll
0x00007fffbeb80000 - 0x00007fffbee1a000 	C:\Windows\WinSxS\amd64_microsoft.windows.common-controls_6595b64144ccf1df_6.0.19041.4355_none_60b8b9eb71f62e16\COMCTL32.dll
0x00007fffd2520000 - 0x00007fffd25be000 	C:\Windows\System32\msvcrt.dll
0x00007fffd22b0000 - 0x00007fffd22df000 	C:\Windows\System32\IMM32.DLL
0x00007fffb9240000 - 0x00007fffb924c000 	c:\Users\WELCOME\.vscode\extensions\redhat.java-1.38.0-win32-x64\jre\17.0.13-win32-x86_64\bin\vcruntime140_1.dll
0x00007fff6c7d0000 - 0x00007fff6c85d000 	c:\Users\WELCOME\.vscode\extensions\redhat.java-1.38.0-win32-x64\jre\17.0.13-win32-x86_64\bin\msvcp140.dll
0x00007fff6b840000 - 0x00007fff6c4ab000 	c:\Users\WELCOME\.vscode\extensions\redhat.java-1.38.0-win32-x64\jre\17.0.13-win32-x86_64\bin\server\jvm.dll
0x00007fffd2130000 - 0x00007fffd21e1000 	C:\Windows\System32\ADVAPI32.dll
0x00007fffd2480000 - 0x00007fffd251f000 	C:\Windows\System32\sechost.dll
0x00007fffd1ba0000 - 0x00007fffd1cc3000 	C:\Windows\System32\RPCRT4.dll
0x00007fffd1360000 - 0x00007fffd1387000 	C:\Windows\System32\bcrypt.dll
0x00007fffd2410000 - 0x00007fffd247b000 	C:\Windows\System32\WS2_32.dll
0x00007fffd0a00000 - 0x00007fffd0a4b000 	C:\Windows\SYSTEM32\POWRPROF.dll
0x00007fffca600000 - 0x00007fffca60a000 	C:\Windows\SYSTEM32\VERSION.dll
0x00007fffbe510000 - 0x00007fffbe537000 	C:\Windows\SYSTEM32\WINMM.dll
0x00007fffd0930000 - 0x00007fffd0942000 	C:\Windows\SYSTEM32\UMPDC.dll
0x00007fffcf3c0000 - 0x00007fffcf3d2000 	C:\Windows\SYSTEM32\kernel.appcore.dll
0x00007fffb6e00000 - 0x00007fffb6e0a000 	c:\Users\WELCOME\.vscode\extensions\redhat.java-1.38.0-win32-x64\jre\17.0.13-win32-x86_64\bin\jimage.dll
0x00007fffcf080000 - 0x00007fffcf264000 	C:\Windows\SYSTEM32\DBGHELP.DLL
0x00007fffb9190000 - 0x00007fffb91c4000 	C:\Windows\SYSTEM32\dbgcore.DLL
0x00007fffd1100000 - 0x00007fffd1182000 	C:\Windows\System32\bcryptPrimitives.dll
0x00007fffb6860000 - 0x00007fffb686e000 	c:\Users\WELCOME\.vscode\extensions\redhat.java-1.38.0-win32-x64\jre\17.0.13-win32-x86_64\bin\instrument.dll
0x00007fff8df20000 - 0x00007fff8df45000 	c:\Users\WELCOME\.vscode\extensions\redhat.java-1.38.0-win32-x64\jre\17.0.13-win32-x86_64\bin\java.dll
0x00007fff91520000 - 0x00007fff91538000 	c:\Users\WELCOME\.vscode\extensions\redhat.java-1.38.0-win32-x64\jre\17.0.13-win32-x86_64\bin\zip.dll
0x00007fffd2c30000 - 0x00007fffd339e000 	C:\Windows\System32\SHELL32.dll
0x00007fffce8d0000 - 0x00007fffcf074000 	C:\Windows\SYSTEM32\windows.storage.dll
0x00007fffd1dd0000 - 0x00007fffd2125000 	C:\Windows\System32\combase.dll
0x00007fffd0500000 - 0x00007fffd052f000 	C:\Windows\SYSTEM32\Wldp.dll
0x00007fffd22e0000 - 0x00007fffd23ad000 	C:\Windows\System32\OLEAUT32.dll
0x00007fffd1af0000 - 0x00007fffd1b9d000 	C:\Windows\System32\SHCORE.dll
0x00007fffd2b50000 - 0x00007fffd2ba5000 	C:\Windows\System32\shlwapi.dll
0x00007fffd0ad0000 - 0x00007fffd0af4000 	C:\Windows\SYSTEM32\profapi.dll
0x00007fffa7a80000 - 0x00007fffa7a99000 	C:\Users\WELCOME\.vscode\extensions\redhat.java-1.38.0-win32-x64\jre\17.0.13-win32-x86_64\bin\net.dll
0x00007fffc8ac0000 - 0x00007fffc8bcd000 	C:\Windows\SYSTEM32\WINHTTP.dll
0x00007fffd0260000 - 0x00007fffd02ca000 	C:\Windows\system32\mswsock.dll
0x00007fffa7a60000 - 0x00007fffa7a76000 	C:\Users\WELCOME\.vscode\extensions\redhat.java-1.38.0-win32-x64\jre\17.0.13-win32-x86_64\bin\nio.dll
0x00007fffb5ae0000 - 0x00007fffb5af0000 	c:\Users\WELCOME\.vscode\extensions\redhat.java-1.38.0-win32-x64\jre\17.0.13-win32-x86_64\bin\verify.dll
0x00007fff6c780000 - 0x00007fff6c7c5000 	C:\Users\WELCOME\AppData\Roaming\Code\User\globalStorage\redhat.java\1.38.0\config_win\org.eclipse.equinox.launcher\org.eclipse.equinox.launcher.win32.win32.x86_64_1.2.1100.v20240722-2106\eclipse_11904.dll
0x00007fffd33a0000 - 0x00007fffd34cb000 	C:\Windows\System32\ole32.dll
0x00007fffd0460000 - 0x00007fffd0478000 	C:\Windows\SYSTEM32\CRYPTSP.dll
0x00007fffcfb80000 - 0x00007fffcfbb4000 	C:\Windows\system32\rsaenh.dll
0x00007fffd0a50000 - 0x00007fffd0a7e000 	C:\Windows\SYSTEM32\USERENV.dll
0x00007fffd0450000 - 0x00007fffd045c000 	C:\Windows\SYSTEM32\CRYPTBASE.dll
0x00007fffcff40000 - 0x00007fffcff7b000 	C:\Windows\SYSTEM32\IPHLPAPI.DLL
0x00007fffd2200000 - 0x00007fffd2208000 	C:\Windows\System32\NSI.dll
0x00007fffca290000 - 0x00007fffca2a7000 	C:\Windows\SYSTEM32\dhcpcsvc6.DLL
0x00007fffca240000 - 0x00007fffca25d000 	C:\Windows\SYSTEM32\dhcpcsvc.DLL
0x00007fffcff80000 - 0x00007fffd004a000 	C:\Windows\SYSTEM32\DNSAPI.dll
0x00007fffc55c0000 - 0x00007fffc5609000 	C:\Users\WELCOME\AppData\Local\Temp\jna-1951082306\jna8347890443760978531.dll
0x00007fffd2210000 - 0x00007fffd2218000 	C:\Windows\System32\PSAPI.DLL
0x00007fffc6250000 - 0x00007fffc625e000 	C:\Users\WELCOME\.vscode\extensions\redhat.java-1.38.0-win32-x64\jre\17.0.13-win32-x86_64\bin\sunmscapi.dll
0x00007fffd0fa0000 - 0x00007fffd10fc000 	C:\Windows\System32\CRYPT32.dll
0x00007fffd0570000 - 0x00007fffd0597000 	C:\Windows\SYSTEM32\ncrypt.dll
0x00007fffd0530000 - 0x00007fffd056b000 	C:\Windows\SYSTEM32\NTASN1.dll
0x00007fffbf360000 - 0x00007fffbf36a000 	C:\Windows\System32\rasadhlp.dll
0x00007fffbf240000 - 0x00007fffbf2c0000 	C:\Windows\System32\fwpuclnt.dll
0x00007fffc6240000 - 0x00007fffc6249000 	C:\Users\WELCOME\.vscode\extensions\redhat.java-1.38.0-win32-x64\jre\17.0.13-win32-x86_64\bin\extnet.dll

dbghelp: loaded successfully - version: 4.0.5 - missing functions: none
symbol engine: initialized successfully - sym options: 0x614 - pdb path: .;c:\Users\WELCOME\.vscode\extensions\redhat.java-1.38.0-win32-x64\jre\17.0.13-win32-x86_64\bin;C:\Windows\SYSTEM32;C:\Windows\WinSxS\amd64_microsoft.windows.common-controls_6595b64144ccf1df_6.0.19041.4355_none_60b8b9eb71f62e16;c:\Users\WELCOME\.vscode\extensions\redhat.java-1.38.0-win32-x64\jre\17.0.13-win32-x86_64\bin\server;C:\Users\WELCOME\AppData\Roaming\Code\User\globalStorage\redhat.java\1.38.0\config_win\org.eclipse.equinox.launcher\org.eclipse.equinox.launcher.win32.win32.x86_64_1.2.1100.v20240722-2106;C:\Users\WELCOME\AppData\Local\Temp\jna-1951082306

VM Arguments:
jvm_args: --add-modules=ALL-SYSTEM --add-opens=java.base/java.util=ALL-UNNAMED --add-opens=java.base/java.lang=ALL-UNNAMED --add-opens=java.base/sun.nio.fs=ALL-UNNAMED -Declipse.application=org.eclipse.jdt.ls.core.id1 -Dosgi.bundles.defaultStartLevel=4 -Declipse.product=org.eclipse.jdt.ls.core.product -Djava.import.generatesMetadataFilesAtProjectRoot=false -DDetectVMInstallationsJob.disabled=true -Dfile.encoding=utf8 -XX:+UseParallelGC -XX:GCTimeRatio=4 -XX:AdaptiveSizePolicyWeight=90 -Dsun.zip.disableMemoryMapping=true -Xmx1G -Xms100m -Xlog:disable -javaagent:c:\Users\WELCOME\.vscode\extensions\redhat.java-1.38.0-win32-x64\lombok\lombok-1.18.34.jar -XX:+HeapDumpOnOutOfMemoryError -XX:HeapDumpPath=c:\Users\WELCOME\AppData\Roaming\Code\User\workspaceStorage\188e561b44eaaaa2d29fd93b78f0b880\redhat.java -Daether.dependencyCollector.impl=bf 
java_command: c:\Users\WELCOME\.vscode\extensions\redhat.java-1.38.0-win32-x64\server\plugins\org.eclipse.equinox.launcher_1.6.900.v20240613-2009.jar -configuration c:\Users\WELCOME\AppData\Roaming\Code\User\globalStorage\redhat.java\1.38.0\config_win -data c:\Users\WELCOME\AppData\Roaming\Code\User\workspaceStorage\188e561b44eaaaa2d29fd93b78f0b880\redhat.java\jdt_ws --pipe=\\.\pipe\lsp-fa8905ffc44597f9b76b70491e827bfb-sock
java_class_path (initial): c:\Users\WELCOME\.vscode\extensions\redhat.java-1.38.0-win32-x64\server\plugins\org.eclipse.equinox.launcher_1.6.900.v20240613-2009.jar
Launcher Type: SUN_STANDARD

[Global flags]
    uintx AdaptiveSizePolicyWeight                 = 90                                        {product} {command line}
     intx CICompilerCount                          = 3                                         {product} {ergonomic}
    uintx GCTimeRatio                              = 4                                         {product} {command line}
     bool HeapDumpOnOutOfMemoryError               = true                                   {manageable} {command line}
    ccstr HeapDumpPath                             = c:\Users\WELCOME\AppData\Roaming\Code\User\workspaceStorage\188e561b44eaaaa2d29fd93b78f0b880\redhat.java         {manageable} {command line}
   size_t InitialHeapSize                          = 104857600                                 {product} {command line}
   size_t MaxHeapSize                              = 1073741824                                {product} {command line}
   size_t MaxNewSize                               = 357564416                                 {product} {ergonomic}
   size_t MinHeapDeltaBytes                        = 524288                                    {product} {ergonomic}
   size_t MinHeapSize                              = 104857600                                 {product} {command line}
   size_t NewSize                                  = 34603008                                  {product} {ergonomic}
    uintx NonNMethodCodeHeapSize                   = 5832780                                {pd product} {ergonomic}
    uintx NonProfiledCodeHeapSize                  = 122912730                              {pd product} {ergonomic}
   size_t OldSize                                  = 70254592                                  {product} {ergonomic}
    uintx ProfiledCodeHeapSize                     = 122912730                              {pd product} {ergonomic}
    uintx ReservedCodeCacheSize                    = 251658240                              {pd product} {ergonomic}
     bool SegmentedCodeCache                       = true                                      {product} {ergonomic}
   size_t SoftMaxHeapSize                          = 1073741824                             {manageable} {ergonomic}
     bool UseCompressedClassPointers               = true                           {product lp64_product} {ergonomic}
     bool UseCompressedOops                        = true                           {product lp64_product} {ergonomic}
     bool UseLargePagesIndividualAllocation        = false                                  {pd product} {ergonomic}
     bool UseParallelGC                            = true                                      {product} {command line}

Logging:
Log output configuration:
 #0: stdout all=off uptime,level,tags
 #1: stderr all=off uptime,level,tags

Environment Variables:
PATH=C:\Program Files (x86)\VMware\VMware Workstation\bin\;C:\Program Files\Common Files\Oracle\Java\javapath;C:\Windows\system32;C:\Windows;C:\Windows\System32\Wbem;C:\Windows\System32\WindowsPowerShell\v1.0\;C:\Windows\System32\OpenSSH\;C:\Program Files\Git\cmd;C:\Program Files\MySQL\MySQL Server 8.0\bin;C:\Program Files\nodejs\;C:\Program Files\dotnet\;C:\Program Files\MySQL\MySQL Shell 8.0\bin\;C:\Users\WELCOME\AppData\Local\Programs\Python\Python312\Scripts\;C:\Users\WELCOME\AppData\Local\Programs\Python\Python312\;C:\Users\WELCOME\AppData\Local\Microsoft\WindowsApps;C:\Users\WELCOME\AppData\Local\GitHubDesktop\bin;C:\Users\WELCOME\AppData\Local\Programs\Microsoft VS Code\bin;C:\Program Files\nodejs;C:\Users\WELCOME\AppData\Roaming\npm
USERNAME=WELCOME
OS=Windows_NT
PROCESSOR_IDENTIFIER=Intel64 Family 6 Model 142 Stepping 9, GenuineIntel
TMP=C:\Users\WELCOME\AppData\Local\Temp
TEMP=C:\Users\WELCOME\AppData\Local\Temp



Periodic native trim disabled


---------------  S Y S T E M  ---------------

OS:
 Windows 10 , 64 bit Build 19041 (10.0.19041.5198)
OS uptime: 0 days 17:42 hours

CPU: total 4 (initial active 4) (2 cores per cpu, 2 threads per core) family 6 model 142 stepping 9 microcode 0xb4, cx8, cmov, fxsr, ht, mmx, 3dnowpref, sse, sse2, sse3, ssse3, sse4.1, sse4.2, popcnt, lzcnt, tsc, tscinvbit, avx, avx2, aes, erms, clmul, bmi1, bmi2, adx, fma, vzeroupper, clflush, clflushopt
Processor Information for all 4 processors :
  Max Mhz: 2300, Current Mhz: 2300, Mhz Limit: 2300

Memory: 4k page, system-wide physical 2599M (25M free)
TotalPageFile size 10535M (AvailPageFile size 4M)
current process WorkingSet (physical memory assigned to process): 128M, peak: 163M
current process commit charge ("private bytes"): 316M, peak: 318M

vm_info: OpenJDK 64-Bit Server VM (17.0.13+11) for windows-amd64 JRE (17.0.13+11), built on Oct 16 2024 00:10:08 by "admin" with MS VC++ 17.7 (VS2022)

END.
